LOGFILE voor cronjob git pull
=======================================
pull van github.com/RCreyghton/webdb op
Wed Jan 16 10:57:26 CET 2013
Updating 401b1e8..e03818c
Fast-forward
 documentation/Class structure - needs revision.pdf |  Bin 0 -> 2979 bytes
 1 files changed, 0 insertions(+), 0 deletions(-)
 create mode 100644 documentation/Class structure - needs revision.pdf
 
=======================================
pull van github.com/RCreyghton/webdb op
Wed Jan 16 10:58:32 CET 2013
Updating e03818c..a8c6f65
Fast-forward
 .../Funtioneel ontwerp drafts/Image (2).jpg        |  Bin 245362 -> 0 bytes
 .../Funtioneel ontwerp drafts/Image (3).jpg        |  Bin 145443 -> 0 bytes
 .../Funtioneel ontwerp drafts/Image (4).jpg        |  Bin 175131 -> 0 bytes
 .../Funtioneel ontwerp drafts/Image (5).jpg        |  Bin 108915 -> 0 bytes
 .../Object relations drafts/20130111_125659.jpg    |  Bin 1839635 -> 0 bytes
 .../Object relations drafts/20130111_125713.jpg    |  Bin 1978217 -> 0 bytes
 .../Object relations drafts/20130111_125926.jpg    |  Bin 1929803 -> 0 bytes
 .../Object relations drafts/20130111_125938.jpg    |  Bin 1792684 -> 0 bytes
 8 files changed, 0 insertions(+), 0 deletions(-)
 delete mode 100644 documentation/Funtioneel ontwerp drafts/Image (2).jpg
 delete mode 100644 documentation/Funtioneel ontwerp drafts/Image (3).jpg
 delete mode 100644 documentation/Funtioneel ontwerp drafts/Image (4).jpg
 delete mode 100644 documentation/Funtioneel ontwerp drafts/Image (5).jpg
 delete mode 100644 documentation/Object relations drafts/20130111_125659.jpg
 delete mode 100644 documentation/Object relations drafts/20130111_125713.jpg
 delete mode 100644 documentation/Object relations drafts/20130111_125926.jpg
 delete mode 100644 documentation/Object relations drafts/20130111_125938.jpg
 
=======================================
pull van github.com/RCreyghton/webdb op
Wed Jan 16 12:58:29 CET 2013
Updating a8c6f65..ca4302e
Fast-forward
 documentation/bestand2                          |   73 -----------------------
 documentation/fotos_overleg_130110/IMG_0078.jpg |  Bin 1530010 -> 0 bytes
 documentation/fotos_overleg_130110/IMG_0079.jpg |  Bin 1437187 -> 0 bytes
 documentation/fotos_overleg_130110/IMG_0080.jpg |  Bin 1260492 -> 0 bytes
 htdocs/models/Category.php                      |   54 +++++++++++++++++
 5 files changed, 54 insertions(+), 73 deletions(-)
 delete mode 100644 documentation/bestand2
 delete mode 100644 documentation/fotos_overleg_130110/IMG_0078.jpg
 delete mode 100644 documentation/fotos_overleg_130110/IMG_0079.jpg
 delete mode 100644 documentation/fotos_overleg_130110/IMG_0080.jpg
 delete mode 100644 documentation/phpdocplaceholder
 create mode 100644 htdocs/models/Category.php
 
=======================================
pull van github.com/RCreyghton/webdb op
Wed Jan 16 12:59:03 CET 2013
Updating ca4302e..02aa674
 
